0 info it worked if it ends with ok
1 verbose cli [ '/usr/bin/nodejs', '/usr/bin/npm', 'update' ]
2 info using npm@1.4.21
3 info using node@v0.10.29
4 verbose request where is /mysql
5 verbose request registry https://registry.npmjs.org/
6 verbose request id 6094499650ad47d5
7 verbose url raw /mysql
8 verbose url resolving [ 'https://registry.npmjs.org/', './mysql' ]
9 verbose url resolved https://registry.npmjs.org/mysql
10 verbose request where is https://registry.npmjs.org/mysql
11 info trying registry request attempt 1 at 14:43:56
12 http GET https://registry.npmjs.org/mysql
13 verbose request where is /string
14 verbose request registry https://registry.npmjs.org/
15 verbose url raw /string
16 verbose url resolving [ 'https://registry.npmjs.org/', './string' ]
17 verbose url resolved https://registry.npmjs.org/string
18 verbose request where is https://registry.npmjs.org/string
19 info trying registry request attempt 1 at 14:43:56
20 http GET https://registry.npmjs.org/string
21 verbose request where is /unidecode
22 verbose request registry https://registry.npmjs.org/
23 verbose url raw /unidecode
24 verbose url resolving [ 'https://registry.npmjs.org/', './unidecode' ]
25 verbose url resolved https://registry.npmjs.org/unidecode
26 verbose request where is https://registry.npmjs.org/unidecode
27 info trying registry request attempt 1 at 14:43:56
28 http GET https://registry.npmjs.org/unidecode
29 verbose request where is /express
30 verbose request registry https://registry.npmjs.org/
31 verbose url raw /express
32 verbose url resolving [ 'https://registry.npmjs.org/', './express' ]
33 verbose url resolved https://registry.npmjs.org/express
34 verbose request where is https://registry.npmjs.org/express
35 info trying registry request attempt 1 at 14:43:56
36 verbose etag "C5PRBBEKDYBCCS85H6ZDFZZ4A"
37 http GET https://registry.npmjs.org/express
38 verbose request where is /express-session
39 verbose request registry https://registry.npmjs.org/
40 verbose url raw /express-session
41 verbose url resolving [ 'https://registry.npmjs.org/', './express-session' ]
42 verbose url resolved https://registry.npmjs.org/express-session
43 verbose request where is https://registry.npmjs.org/express-session
44 info trying registry request attempt 1 at 14:43:56
45 verbose etag "50XTTDQXT5NN6AMQLSQVFB6KX"
46 http GET https://registry.npmjs.org/express-session
47 verbose request where is /cookie-parser
48 verbose request registry https://registry.npmjs.org/
49 verbose url raw /cookie-parser
50 verbose url resolving [ 'https://registry.npmjs.org/', './cookie-parser' ]
51 verbose url resolved https://registry.npmjs.org/cookie-parser
52 verbose request where is https://registry.npmjs.org/cookie-parser
53 info trying registry request attempt 1 at 14:43:56
54 verbose etag "7M1D5JZ43UUP81OOF0DEMZ93Z"
55 http GET https://registry.npmjs.org/cookie-parser
56 verbose request where is /body-parser
57 verbose request registry https://registry.npmjs.org/
58 verbose url raw /body-parser
59 verbose url resolving [ 'https://registry.npmjs.org/', './body-parser' ]
60 verbose url resolved https://registry.npmjs.org/body-parser
61 verbose request where is https://registry.npmjs.org/body-parser
62 info trying registry request attempt 1 at 14:43:56
63 verbose etag "1OYCYOLVAJYLULC7U04LJYSPZ"
64 http GET https://registry.npmjs.org/body-parser
65 verbose request where is /crypto
66 verbose request registry https://registry.npmjs.org/
67 verbose url raw /crypto
68 verbose url resolving [ 'https://registry.npmjs.org/', './crypto' ]
69 verbose url resolved https://registry.npmjs.org/crypto
70 verbose request where is https://registry.npmjs.org/crypto
71 info trying registry request attempt 1 at 14:43:56
72 verbose etag "1UUTFYXT9ZDYNTOJ5LLD14V8I"
73 http GET https://registry.npmjs.org/crypto
74 verbose request where is /async
75 verbose request registry https://registry.npmjs.org/
76 verbose url raw /async
77 verbose url resolving [ 'https://registry.npmjs.org/', './async' ]
78 verbose url resolved https://registry.npmjs.org/async
79 verbose request where is https://registry.npmjs.org/async
80 info trying registry request attempt 1 at 14:43:56
81 verbose etag "BQA0RGB74SV6WN5R7GBZT5ZUU"
82 http GET https://registry.npmjs.org/async
83 verbose request where is /express-handlebars
84 verbose request registry https://registry.npmjs.org/
85 verbose url raw /express-handlebars
86 verbose url resolving [ 'https://registry.npmjs.org/', './express-handlebars' ]
87 verbose url resolved https://registry.npmjs.org/express-handlebars
88 verbose request where is https://registry.npmjs.org/express-handlebars
89 info trying registry request attempt 1 at 14:43:56
90 verbose etag "BI9EY22PC1Q08RNWDZVE0K61L"
91 http GET https://registry.npmjs.org/express-handlebars
92 http 304 https://registry.npmjs.org/express
93 silly registry.get cb [ 304,
93 silly registry.get   { date: 'Wed, 04 Feb 2015 13:43:55 GMT',
93 silly registry.get     server: 'Apache',
93 silly registry.get     via: '1.1 varnish',
93 silly registry.get     'last-modified': 'Wed, 04 Feb 2015 13:40:05 GMT',
93 silly registry.get     'cache-control': 'max-age=60',
93 silly registry.get     etag: '"C5PRBBEKDYBCCS85H6ZDFZZ4A"',
93 silly registry.get     age: '43',
93 silly registry.get     'x-served-by': 'cache-fra1225-FRA',
93 silly registry.get     'x-cache': 'HIT',
93 silly registry.get     'x-cache-hits': '67',
93 silly registry.get     'x-timer': 'S1423057435.724302,VS0,VE0',
93 silly registry.get     vary: 'Accept',
93 silly registry.get     'content-length': '0',
93 silly registry.get     'keep-alive': 'timeout=10, max=50',
93 silly registry.get     connection: 'Keep-Alive' } ]
94 verbose etag https://registry.npmjs.org/express from cache
95 http 304 https://registry.npmjs.org/express-session
96 silly registry.get cb [ 304,
96 silly registry.get   { date: 'Wed, 04 Feb 2015 13:43:55 GMT',
96 silly registry.get     server: 'Apache',
96 silly registry.get     via: '1.1 varnish',
96 silly registry.get     'last-modified': 'Wed, 04 Feb 2015 13:43:55 GMT',
96 silly registry.get     'cache-control': 'max-age=60',
96 silly registry.get     etag: '"50XTTDQXT5NN6AMQLSQVFB6KX"',
96 silly registry.get     age: '27',
96 silly registry.get     'x-served-by': 'cache-fra1242-FRA',
96 silly registry.get     'x-cache': 'HIT',
96 silly registry.get     'x-cache-hits': '1',
96 silly registry.get     'x-timer': 'S1423057435.730674,VS0,VE0',
96 silly registry.get     vary: 'Accept',
96 silly registry.get     'content-length': '0',
96 silly registry.get     'keep-alive': 'timeout=10, max=50',
96 silly registry.get     connection: 'Keep-Alive' } ]
97 verbose etag https://registry.npmjs.org/express-session from cache
98 http 304 https://registry.npmjs.org/cookie-parser
99 silly registry.get cb [ 304,
99 silly registry.get   { date: 'Wed, 04 Feb 2015 13:43:55 GMT',
99 silly registry.get     server: 'Apache',
99 silly registry.get     via: '1.1 varnish',
99 silly registry.get     'last-modified': 'Wed, 04 Feb 2015 13:43:55 GMT',
99 silly registry.get     'cache-control': 'max-age=60',
99 silly registry.get     etag: '"7M1D5JZ43UUP81OOF0DEMZ93Z"',
99 silly registry.get     age: '14',
99 silly registry.get     'x-served-by': 'cache-fra1225-FRA',
99 silly registry.get     'x-cache': 'HIT',
99 silly registry.get     'x-cache-hits': '1',
99 silly registry.get     'x-timer': 'S1423057435.763589,VS0,VE0',
99 silly registry.get     vary: 'Accept',
99 silly registry.get     'content-length': '0',
99 silly registry.get     'keep-alive': 'timeout=10, max=49',
99 silly registry.get     connection: 'Keep-Alive' } ]
100 verbose etag https://registry.npmjs.org/cookie-parser from cache
101 http 304 https://registry.npmjs.org/body-parser
102 silly registry.get cb [ 304,
102 silly registry.get   { date: 'Wed, 04 Feb 2015 13:43:55 GMT',
102 silly registry.get     server: 'Apache',
102 silly registry.get     via: '1.1 varnish',
102 silly registry.get     'last-modified': 'Wed, 04 Feb 2015 13:43:14 GMT',
102 silly registry.get     'cache-control': 'max-age=60',
102 silly registry.get     etag: '"1OYCYOLVAJYLULC7U04LJYSPZ"',
102 silly registry.get     age: '56',
102 silly registry.get     'x-served-by': 'cache-fra1242-FRA',
102 silly registry.get     'x-cache': 'HIT',
102 silly registry.get     'x-cache-hits': '4',
102 silly registry.get     'x-timer': 'S1423057435.767523,VS0,VE0',
102 silly registry.get     vary: 'Accept',
102 silly registry.get     'content-length': '0',
102 silly registry.get     'keep-alive': 'timeout=10, max=49',
102 silly registry.get     connection: 'Keep-Alive' } ]
103 verbose etag https://registry.npmjs.org/body-parser from cache
104 http 304 https://registry.npmjs.org/crypto
105 silly registry.get cb [ 304,
105 silly registry.get   { date: 'Wed, 04 Feb 2015 13:43:55 GMT',
105 silly registry.get     server: 'Apache',
105 silly registry.get     via: '1.1 varnish',
105 silly registry.get     'last-modified': 'Wed, 04 Feb 2015 13:43:55 GMT',
105 silly registry.get     'cache-control': 'max-age=60',
105 silly registry.get     etag: '"1UUTFYXT9ZDYNTOJ5LLD14V8I"',
105 silly registry.get     age: '53',
105 silly registry.get     'x-served-by': 'cache-fra1225-FRA',
105 silly registry.get     'x-cache': 'HIT',
105 silly registry.get     'x-cache-hits': '1',
105 silly registry.get     'x-timer': 'S1423057435.813608,VS0,VE0',
105 silly registry.get     vary: 'Accept',
105 silly registry.get     'content-length': '0',
105 silly registry.get     'keep-alive': 'timeout=10, max=48',
105 silly registry.get     connection: 'Keep-Alive' } ]
106 verbose etag https://registry.npmjs.org/crypto from cache
107 http 304 https://registry.npmjs.org/async
108 silly registry.get cb [ 304,
108 silly registry.get   { date: 'Wed, 04 Feb 2015 13:43:55 GMT',
108 silly registry.get     server: 'Apache',
108 silly registry.get     via: '1.1 varnish',
108 silly registry.get     'last-modified': 'Wed, 04 Feb 2015 13:43:22 GMT',
108 silly registry.get     'cache-control': 'max-age=60',
108 silly registry.get     etag: '"BQA0RGB74SV6WN5R7GBZT5ZUU"',
108 silly registry.get     age: '36',
108 silly registry.get     'x-served-by': 'cache-fra1242-FRA',
108 silly registry.get     'x-cache': 'HIT',
108 silly registry.get     'x-cache-hits': '4',
108 silly registry.get     'x-timer': 'S1423057435.815994,VS0,VE0',
108 silly registry.get     vary: 'Accept',
108 silly registry.get     'content-length': '0',
108 silly registry.get     'keep-alive': 'timeout=10, max=48',
108 silly registry.get     connection: 'Keep-Alive' } ]
109 verbose etag https://registry.npmjs.org/async from cache
110 verbose request where is /cookie
111 verbose request registry https://registry.npmjs.org/
112 verbose url raw /cookie
113 verbose url resolving [ 'https://registry.npmjs.org/', './cookie' ]
114 verbose url resolved https://registry.npmjs.org/cookie
115 verbose request where is https://registry.npmjs.org/cookie
116 info trying registry request attempt 1 at 14:43:57
117 verbose etag "EFP154IW6Q3ZNCIZDZMHNQV1V"
118 http GET https://registry.npmjs.org/cookie
119 verbose request where is /cookie-signature
120 verbose request registry https://registry.npmjs.org/
121 verbose url raw /cookie-signature
122 verbose url resolving [ 'https://registry.npmjs.org/', './cookie-signature' ]
123 verbose url resolved https://registry.npmjs.org/cookie-signature
124 verbose request where is https://registry.npmjs.org/cookie-signature
125 info trying registry request attempt 1 at 14:43:57
126 verbose etag "3J0T5V9SPAWLHIPR0O07XHUBG"
127 http GET https://registry.npmjs.org/cookie-signature
128 http 200 https://registry.npmjs.org/mysql
129 silly registry.get cb [ 200,
129 silly registry.get   { date: 'Wed, 04 Feb 2015 13:43:55 GMT',
129 silly registry.get     server: 'CouchDB/1.5.0 (Erlang OTP/R16B03)',
129 silly registry.get     etag: '"CM97X55S8KCOTHV5D5D9VABI7"',
129 silly registry.get     'content-type': 'application/json',
129 silly registry.get     'cache-control': 'max-age=60',
129 silly registry.get     'content-length': '100494',
129 silly registry.get     'accept-ranges': 'bytes',
129 silly registry.get     via: '1.1 varnish',
129 silly registry.get     age: '14',
129 silly registry.get     'x-served-by': 'cache-fra1234-FRA',
129 silly registry.get     'x-cache': 'HIT',
129 silly registry.get     'x-cache-hits': '1',
129 silly registry.get     'x-timer': 'S1423057435.726939,VS0,VE0',
129 silly registry.get     vary: 'Accept',
129 silly registry.get     'keep-alive': 'timeout=10, max=50',
129 silly registry.get     connection: 'Keep-Alive' } ]
130 verbose request where is /bignumber.js
131 verbose request registry https://registry.npmjs.org/
132 verbose url raw /bignumber.js
133 verbose url resolving [ 'https://registry.npmjs.org/', './bignumber.js' ]
134 verbose url resolved https://registry.npmjs.org/bignumber.js
135 verbose request where is https://registry.npmjs.org/bignumber.js
136 info trying registry request attempt 1 at 14:43:57
137 http GET https://registry.npmjs.org/bignumber.js
138 verbose request where is /readable-stream
139 verbose request registry https://registry.npmjs.org/
140 verbose url raw /readable-stream
141 verbose url resolving [ 'https://registry.npmjs.org/', './readable-stream' ]
142 verbose url resolved https://registry.npmjs.org/readable-stream
143 verbose request where is https://registry.npmjs.org/readable-stream
144 info trying registry request attempt 1 at 14:43:57
145 http GET https://registry.npmjs.org/readable-stream
146 verbose request where is /require-all
147 verbose request registry https://registry.npmjs.org/
148 verbose url raw /require-all
149 verbose url resolving [ 'https://registry.npmjs.org/', './require-all' ]
150 verbose url resolved https://registry.npmjs.org/require-all
151 verbose request where is https://registry.npmjs.org/require-all
152 info trying registry request attempt 1 at 14:43:57
153 http GET https://registry.npmjs.org/require-all
154 http 304 https://registry.npmjs.org/cookie-signature
155 silly registry.get cb [ 304,
155 silly registry.get   { date: 'Wed, 04 Feb 2015 13:43:55 GMT',
155 silly registry.get     server: 'Apache',
155 silly registry.get     via: '1.1 varnish',
155 silly registry.get     'last-modified': 'Wed, 04 Feb 2015 13:43:55 GMT',
155 silly registry.get     'cache-control': 'max-age=60',
155 silly registry.get     etag: '"3J0T5V9SPAWLHIPR0O07XHUBG"',
155 silly registry.get     age: '15',
155 silly registry.get     'x-served-by': 'cache-fra1234-FRA',
155 silly registry.get     'x-cache': 'HIT',
155 silly registry.get     'x-cache-hits': '1',
155 silly registry.get     'x-timer': 'S1423057435.884789,VS0,VE0',
155 silly registry.get     vary: 'Accept',
155 silly registry.get     'content-length': '0',
155 silly registry.get     'keep-alive': 'timeout=10, max=49',
155 silly registry.get     connection: 'Keep-Alive' } ]
156 verbose etag https://registry.npmjs.org/cookie-signature from cache
157 http 200 https://registry.npmjs.org/bignumber.js
158 silly registry.get cb [ 200,
158 silly registry.get   { date: 'Wed, 04 Feb 2015 13:43:55 GMT',
158 silly registry.get     server: 'CouchDB/1.5.0 (Erlang OTP/R16B03)',
158 silly registry.get     etag: '"104MMU37QRYDUWZO39SBDFEVX"',
158 silly registry.get     'content-type': 'application/json',
158 silly registry.get     'cache-control': 'max-age=60',
158 silly registry.get     'content-length': '25102',
158 silly registry.get     'accept-ranges': 'bytes',
158 silly registry.get     via: '1.1 varnish',
158 silly registry.get     age: '15',
158 silly registry.get     'x-served-by': 'cache-fra1234-FRA',
158 silly registry.get     'x-cache': 'HIT',
158 silly registry.get     'x-cache-hits': '1',
158 silly registry.get     'x-timer': 'S1423057435.918307,VS0,VE0',
158 silly registry.get     vary: 'Accept',
158 silly registry.get     'keep-alive': 'timeout=10, max=48',
158 silly registry.get     connection: 'Keep-Alive' } ]
159 http 200 https://registry.npmjs.org/express-handlebars
160 silly registry.get cb [ 200,
160 silly registry.get   { date: 'Wed, 04 Feb 2015 13:43:55 GMT',
160 silly registry.get     server: 'CouchDB/1.5.0 (Erlang OTP/R16B03)',
160 silly registry.get     etag: '"1BU5CV0BQX6H9RBJBD90UNJD8"',
160 silly registry.get     'content-type': 'application/json',
160 silly registry.get     'cache-control': 'max-age=60',
160 silly registry.get     'content-length': '35700',
160 silly registry.get     'accept-ranges': 'bytes',
160 silly registry.get     via: '1.1 varnish',
160 silly registry.get     age: '22',
160 silly registry.get     'x-served-by': 'cache-fra1225-FRA',
160 silly registry.get     'x-cache': 'HIT',
160 silly registry.get     'x-cache-hits': '1',
160 silly registry.get     'x-timer': 'S1423057435.865044,VS0,VE0',
160 silly registry.get     vary: 'Accept',
160 silly registry.get     'keep-alive': 'timeout=10, max=47',
160 silly registry.get     connection: 'Keep-Alive' } ]
161 verbose request where is /handlebars
162 verbose request registry https://registry.npmjs.org/
163 verbose url raw /handlebars
164 verbose url resolving [ 'https://registry.npmjs.org/', './handlebars' ]
165 verbose url resolved https://registry.npmjs.org/handlebars
166 verbose request where is https://registry.npmjs.org/handlebars
167 info trying registry request attempt 1 at 14:43:57
168 verbose etag "6FI5OAMG1CBNNYJ7OWZXDOHBW"
169 http GET https://registry.npmjs.org/handlebars
170 verbose request where is /promise
171 verbose request registry https://registry.npmjs.org/
172 verbose url raw /promise
173 verbose url resolving [ 'https://registry.npmjs.org/', './promise' ]
174 verbose url resolved https://registry.npmjs.org/promise
175 verbose request where is https://registry.npmjs.org/promise
176 info trying registry request attempt 1 at 14:43:57
177 verbose etag "7EZMBIEL1XTGJCBU774E7DYXH"
178 http GET https://registry.npmjs.org/promise
179 verbose request where is /graceful-fs
180 verbose request registry https://registry.npmjs.org/
181 verbose url raw /graceful-fs
182 verbose url resolving [ 'https://registry.npmjs.org/', './graceful-fs' ]
183 verbose url resolved https://registry.npmjs.org/graceful-fs
184 verbose request where is https://registry.npmjs.org/graceful-fs
185 info trying registry request attempt 1 at 14:43:57
186 verbose etag "C0TX2E25T8F2EMHT7F67GZHZ0"
187 http GET https://registry.npmjs.org/graceful-fs
188 http 200 https://registry.npmjs.org/readable-stream
189 silly registry.get cb [ 200,
189 silly registry.get   { date: 'Wed, 04 Feb 2015 13:43:55 GMT',
189 silly registry.get     server: 'CouchDB/1.5.0 (Erlang OTP/R16B03)',
189 silly registry.get     etag: '"5EIEZURAU6SU61INLWGE66IW9"',
189 silly registry.get     'content-type': 'application/json',
189 silly registry.get     'cache-control': 'max-age=60',
189 silly registry.get     'content-length': '42477',
189 silly registry.get     'accept-ranges': 'bytes',
189 silly registry.get     via: '1.1 varnish',
189 silly registry.get     age: '36',
189 silly registry.get     'x-served-by': 'cache-fra1234-FRA',
189 silly registry.get     'x-cache': 'HIT',
189 silly registry.get     'x-cache-hits': '8',
189 silly registry.get     'x-timer': 'S1423057435.962148,VS0,VE0',
189 silly registry.get     vary: 'Accept',
189 silly registry.get     'keep-alive': 'timeout=10, max=47',
189 silly registry.get     connection: 'Keep-Alive' } ]
190 http 200 https://registry.npmjs.org/require-all
191 silly registry.get cb [ 200,
191 silly registry.get   { date: 'Wed, 04 Feb 2015 13:43:55 GMT',
191 silly registry.get     server: 'CouchDB/1.5.0 (Erlang OTP/R16B03)',
191 silly registry.get     etag: '"25QR68KOS88QI7JCWQSO0IU1E"',
191 silly registry.get     'content-type': 'application/json',
191 silly registry.get     'cache-control': 'max-age=60',
191 silly registry.get     'content-length': '9425',
191 silly registry.get     'accept-ranges': 'bytes',
191 silly registry.get     via: '1.1 varnish',
191 silly registry.get     age: '1',
191 silly registry.get     'x-served-by': 'cache-fra1225-FRA',
191 silly registry.get     'x-cache': 'HIT',
191 silly registry.get     'x-cache-hits': '1',
191 silly registry.get     'x-timer': 'S1423057435.968332,VS0,VE0',
191 silly registry.get     vary: 'Accept',
191 silly registry.get     'keep-alive': 'timeout=10, max=46',
191 silly registry.get     connection: 'Keep-Alive' } ]
192 verbose request where is /glob
193 verbose request registry https://registry.npmjs.org/
194 verbose url raw /glob
195 verbose url resolving [ 'https://registry.npmjs.org/', './glob' ]
196 verbose url resolved https://registry.npmjs.org/glob
197 verbose request where is https://registry.npmjs.org/glob
198 info trying registry request attempt 1 at 14:43:57
199 verbose etag "9XEXU4N49YFJ2TAAQL2L0W9K0"
200 http GET https://registry.npmjs.org/glob
201 verbose request where is /semver
202 verbose request registry https://registry.npmjs.org/
203 verbose url raw /semver
204 verbose url resolving [ 'https://registry.npmjs.org/', './semver' ]
205 verbose url resolved https://registry.npmjs.org/semver
206 verbose request where is https://registry.npmjs.org/semver
207 info trying registry request attempt 1 at 14:43:57
208 verbose etag "1D1A4ADHEA0LXROL1DYV1RBLC"
209 http GET https://registry.npmjs.org/semver
210 http 304 https://registry.npmjs.org/handlebars
211 silly registry.get cb [ 304,
211 silly registry.get   { date: 'Wed, 04 Feb 2015 13:43:56 GMT',
211 silly registry.get     server: 'Apache',
211 silly registry.get     via: '1.1 varnish',
211 silly registry.get     'last-modified': 'Wed, 04 Feb 2015 13:43:34 GMT',
211 silly registry.get     'cache-control': 'max-age=60',
211 silly registry.get     etag: '"6FI5OAMG1CBNNYJ7OWZXDOHBW"',
211 silly registry.get     age: '41',
211 silly registry.get     'x-served-by': 'cache-fra1234-FRA',
211 silly registry.get     'x-cache': 'HIT',
211 silly registry.get     'x-cache-hits': '3',
211 silly registry.get     'x-timer': 'S1423057436.009064,VS0,VE0',
211 silly registry.get     vary: 'Accept',
211 silly registry.get     'content-length': '0',
211 silly registry.get     'keep-alive': 'timeout=10, max=46',
211 silly registry.get     connection: 'Keep-Alive' } ]
212 verbose etag https://registry.npmjs.org/handlebars from cache
213 http 304 https://registry.npmjs.org/cookie
214 silly registry.get cb [ 304,
214 silly registry.get   { date: 'Wed, 04 Feb 2015 13:43:56 GMT',
214 silly registry.get     server: 'Apache',
214 silly registry.get     via: '1.1 varnish',
214 silly registry.get     'last-modified': 'Wed, 04 Feb 2015 13:43:56 GMT',
214 silly registry.get     'cache-control': 'max-age=60',
214 silly registry.get     etag: '"EFP154IW6Q3ZNCIZDZMHNQV1V"',
214 silly registry.get     age: '14',
214 silly registry.get     'x-served-by': 'cache-fra1238-FRA',
214 silly registry.get     'x-cache': 'HIT',
214 silly registry.get     'x-cache-hits': '1',
214 silly registry.get     'x-timer': 'S1423057436.010614,VS0,VE0',
214 silly registry.get     vary: 'Accept',
214 silly registry.get     'content-length': '0',
214 silly registry.get     'keep-alive': 'timeout=10, max=50',
214 silly registry.get     connection: 'Keep-Alive' } ]
215 verbose etag https://registry.npmjs.org/cookie from cache
216 http 304 https://registry.npmjs.org/promise
217 silly registry.get cb [ 304,
217 silly registry.get   { date: 'Wed, 04 Feb 2015 13:43:56 GMT',
217 silly registry.get     server: 'Apache',
217 silly registry.get     via: '1.1 varnish',
217 silly registry.get     'last-modified': 'Wed, 04 Feb 2015 13:43:50 GMT',
217 silly registry.get     'cache-control': 'max-age=60',
217 silly registry.get     etag: '"7EZMBIEL1XTGJCBU774E7DYXH"',
217 silly registry.get     age: '37',
217 silly registry.get     'x-served-by': 'cache-fra1225-FRA',
217 silly registry.get     'x-cache': 'HIT',
217 silly registry.get     'x-cache-hits': '2',
217 silly registry.get     'x-timer': 'S1423057436.011897,VS0,VE0',
217 silly registry.get     vary: 'Accept',
217 silly registry.get     'content-length': '0',
217 silly registry.get     'keep-alive': 'timeout=10, max=45',
217 silly registry.get     connection: 'Keep-Alive' } ]
218 verbose etag https://registry.npmjs.org/promise from cache
219 verbose request where is /optimist
220 verbose request registry https://registry.npmjs.org/
221 verbose url raw /optimist
222 verbose url resolving [ 'https://registry.npmjs.org/', './optimist' ]
223 verbose url resolved https://registry.npmjs.org/optimist
224 verbose request where is https://registry.npmjs.org/optimist
225 info trying registry request attempt 1 at 14:43:57
226 verbose etag "DKO1HJY3ZYI76W1HR48L1PTUM"
227 http GET https://registry.npmjs.org/optimist
228 verbose request where is /uglify-js
229 verbose request registry https://registry.npmjs.org/
230 verbose url raw /uglify-js
231 verbose url resolving [ 'https://registry.npmjs.org/', './uglify-js' ]
232 verbose url resolved https://registry.npmjs.org/uglify-js
233 verbose request where is https://registry.npmjs.org/uglify-js
234 info trying registry request attempt 1 at 14:43:57
235 verbose etag "2ZKVGDCFKAUBOGONJBST7NF7R"
236 http GET https://registry.npmjs.org/uglify-js
237 verbose request where is /asap
238 verbose request registry https://registry.npmjs.org/
239 verbose url raw /asap
240 verbose url resolving [ 'https://registry.npmjs.org/', './asap' ]
241 verbose url resolved https://registry.npmjs.org/asap
242 verbose request where is https://registry.npmjs.org/asap
243 info trying registry request attempt 1 at 14:43:57
244 verbose etag "5EVZXTE7FARKAEB77I3CCVQAL"
245 http GET https://registry.npmjs.org/asap
246 http 200 https://registry.npmjs.org/graceful-fs
247 silly registry.get cb [ 200,
247 silly registry.get   { date: 'Wed, 04 Feb 2015 13:43:56 GMT',
247 silly registry.get     server: 'CouchDB/1.5.0 (Erlang OTP/R16B03)',
247 silly registry.get     etag: '"7PZEV3RWNGVATOFWZTH910TW4"',
247 silly registry.get     'content-type': 'application/json',
247 silly registry.get     'cache-control': 'max-age=60',
247 silly registry.get     'content-length': '31535',
247 silly registry.get     'accept-ranges': 'bytes',
247 silly registry.get     via: '1.1 varnish',
247 silly registry.get     age: '23',
247 silly registry.get     'x-served-by': 'cache-fra1234-FRA',
247 silly registry.get     'x-cache': 'HIT',
247 silly registry.get     'x-cache-hits': '3',
247 silly registry.get     'x-timer': 'S1423057436.042051,VS0,VE0',
247 silly registry.get     vary: 'Accept',
247 silly registry.get     'keep-alive': 'timeout=10, max=45',
247 silly registry.get     connection: 'Keep-Alive' } ]
248 http 200 https://registry.npmjs.org/semver
249 silly registry.get cb [ 200,
249 silly registry.get   { date: 'Wed, 04 Feb 2015 13:43:56 GMT',
249 silly registry.get     server: 'CouchDB/1.5.0 (Erlang OTP/R16B03)',
249 silly registry.get     etag: '"BWRZ57K81EML1KGNLX86C1YLA"',
249 silly registry.get     'content-type': 'application/json',
249 silly registry.get     'cache-control': 'max-age=60',
249 silly registry.get     'content-length': '53004',
249 silly registry.get     'accept-ranges': 'bytes',
249 silly registry.get     via: '1.1 varnish',
249 silly registry.get     age: '24',
249 silly registry.get     'x-served-by': 'cache-fra1225-FRA',
249 silly registry.get     'x-cache': 'HIT',
249 silly registry.get     'x-cache-hits': '884',
249 silly registry.get     'x-timer': 'S1423057436.045727,VS0,VE0',
249 silly registry.get     vary: 'Accept',
249 silly registry.get     'keep-alive': 'timeout=10, max=44',
249 silly registry.get     connection: 'Keep-Alive' } ]
250 http 304 https://registry.npmjs.org/optimist
251 silly registry.get cb [ 304,
251 silly registry.get   { date: 'Wed, 04 Feb 2015 13:43:56 GMT',
251 silly registry.get     server: 'Apache',
251 silly registry.get     via: '1.1 varnish',
251 silly registry.get     'last-modified': 'Wed, 04 Feb 2015 13:43:15 GMT',
251 silly registry.get     'cache-control': 'max-age=60',
251 silly registry.get     etag: '"DKO1HJY3ZYI76W1HR48L1PTUM"',
251 silly registry.get     age: '48',
251 silly registry.get     'x-served-by': 'cache-fra1234-FRA',
251 silly registry.get     'x-cache': 'HIT',
251 silly registry.get     'x-cache-hits': '6',
251 silly registry.get     'x-timer': 'S1423057436.100450,VS0,VE0',
251 silly registry.get     vary: 'Accept',
251 silly registry.get     'content-length': '0',
251 silly registry.get     'keep-alive': 'timeout=10, max=44',
251 silly registry.get     connection: 'Keep-Alive' } ]
252 verbose etag https://registry.npmjs.org/optimist from cache
253 http 304 https://registry.npmjs.org/uglify-js
254 silly registry.get cb [ 304,
254 silly registry.get   { date: 'Wed, 04 Feb 2015 13:43:56 GMT',
254 silly registry.get     server: 'Apache',
254 silly registry.get     via: '1.1 varnish',
254 silly registry.get     'last-modified': 'Wed, 04 Feb 2015 13:43:19 GMT',
254 silly registry.get     'cache-control': 'max-age=60',
254 silly registry.get     etag: '"2ZKVGDCFKAUBOGONJBST7NF7R"',
254 silly registry.get     age: '38',
254 silly registry.get     'x-served-by': 'cache-fra1225-FRA',
254 silly registry.get     'x-cache': 'HIT',
254 silly registry.get     'x-cache-hits': '8',
254 silly registry.get     'x-timer': 'S1423057436.144196,VS0,VE0',
254 silly registry.get     vary: 'Accept',
254 silly registry.get     'content-length': '0',
254 silly registry.get     'keep-alive': 'timeout=10, max=43',
254 silly registry.get     connection: 'Keep-Alive' } ]
255 verbose etag https://registry.npmjs.org/uglify-js from cache
256 http 304 https://registry.npmjs.org/asap
257 silly registry.get cb [ 304,
257 silly registry.get   { date: 'Wed, 04 Feb 2015 13:43:56 GMT',
257 silly registry.get     server: 'Apache',
257 silly registry.get     via: '1.1 varnish',
257 silly registry.get     'last-modified': 'Wed, 04 Feb 2015 13:43:56 GMT',
257 silly registry.get     'cache-control': 'max-age=60',
257 silly registry.get     etag: '"5EVZXTE7FARKAEB77I3CCVQAL"',
257 silly registry.get     age: '49',
257 silly registry.get     'x-served-by': 'cache-fra1234-FRA',
257 silly registry.get     'x-cache': 'HIT',
257 silly registry.get     'x-cache-hits': '1',
257 silly registry.get     'x-timer': 'S1423057436.147413,VS0,VE0',
257 silly registry.get     vary: 'Accept',
257 silly registry.get     'content-length': '0',
257 silly registry.get     'keep-alive': 'timeout=10, max=43',
257 silly registry.get     connection: 'Keep-Alive' } ]
258 verbose etag https://registry.npmjs.org/asap from cache
259 http 200 https://registry.npmjs.org/glob
260 silly registry.get cb [ 200,
260 silly registry.get   { date: 'Wed, 04 Feb 2015 13:43:56 GMT',
260 silly registry.get     server: 'CouchDB/1.5.0 (Erlang OTP/R16B03)',
260 silly registry.get     etag: '"7HKQVV51G13T6TD3RWKQUOFMZ"',
260 silly registry.get     'content-type': 'application/json',
260 silly registry.get     'cache-control': 'max-age=60',
260 silly registry.get     'content-length': '79239',
260 silly registry.get     'accept-ranges': 'bytes',
260 silly registry.get     via: '1.1 varnish',
260 silly registry.get     age: '11',
260 silly registry.get     'x-served-by': 'cache-fra1238-FRA',
260 silly registry.get     'x-cache': 'HIT',
260 silly registry.get     'x-cache-hits': '1',
260 silly registry.get     'x-timer': 'S1423057436.045079,VS0,VE0',
260 silly registry.get     vary: 'Accept',
260 silly registry.get     'keep-alive': 'timeout=10, max=49',
260 silly registry.get     connection: 'Keep-Alive' } ]
261 verbose request where is /once
262 verbose request registry https://registry.npmjs.org/
263 verbose url raw /once
264 verbose url resolving [ 'https://registry.npmjs.org/', './once' ]
265 verbose url resolved https://registry.npmjs.org/once
266 verbose request where is https://registry.npmjs.org/once
267 info trying registry request attempt 1 at 14:43:57
268 verbose etag "99WRK49T8ZI9RZMM7TF2Y0WYS"
269 http GET https://registry.npmjs.org/once
270 verbose request where is /inflight
271 verbose request registry https://registry.npmjs.org/
272 verbose url raw /inflight
273 verbose url resolving [ 'https://registry.npmjs.org/', './inflight' ]
274 verbose url resolved https://registry.npmjs.org/inflight
275 verbose request where is https://registry.npmjs.org/inflight
276 info trying registry request attempt 1 at 14:43:57
277 verbose etag "97PI8CQVKHE7A0R9DCPR1IRMC"
278 http GET https://registry.npmjs.org/inflight
279 verbose request where is /inherits
280 verbose request registry https://registry.npmjs.org/
281 verbose url raw /inherits
282 verbose url resolving [ 'https://registry.npmjs.org/', './inherits' ]
283 verbose url resolved https://registry.npmjs.org/inherits
284 verbose request where is https://registry.npmjs.org/inherits
285 info trying registry request attempt 1 at 14:43:57
286 verbose etag "DT60G9FH0UHBUFO18CAF8CXL3"
287 http GET https://registry.npmjs.org/inherits
288 verbose request where is /minimatch
289 verbose request registry https://registry.npmjs.org/
290 verbose url raw /minimatch
291 verbose url resolving [ 'https://registry.npmjs.org/', './minimatch' ]
292 verbose url resolved https://registry.npmjs.org/minimatch
293 verbose request where is https://registry.npmjs.org/minimatch
294 info trying registry request attempt 1 at 14:43:57
295 verbose etag "A4E01TXQTWBITK3U117M7ADI1"
296 http GET https://registry.npmjs.org/minimatch
297 http 200 https://registry.npmjs.org/string
298 silly registry.get cb [ 200,
298 silly registry.get   { date: 'Wed, 04 Feb 2015 13:43:56 GMT',
298 silly registry.get     server: 'CouchDB/1.5.0 (Erlang OTP/R16B03)',
298 silly registry.get     etag: '"6KTE4U2EXRU9LJV5OPCT560VY"',
298 silly registry.get     'content-type': 'application/json',
298 silly registry.get     'cache-control': 'max-age=60',
298 silly registry.get     'content-length': '69260',
298 silly registry.get     'accept-ranges': 'bytes',
298 silly registry.get     via: '1.1 varnish',
298 silly registry.get     age: '0',
298 silly registry.get     'x-served-by': 'cache-fra1221-FRA',
298 silly registry.get     'x-cache': 'HIT',
298 silly registry.get     'x-cache-hits': '1',
298 silly registry.get     'x-timer': 'S1423057435.732808,VS0,VE419',
298 silly registry.get     vary: 'Accept',
298 silly registry.get     'keep-alive': 'timeout=10, max=50',
298 silly registry.get     connection: 'Keep-Alive' } ]
299 http 200 https://registry.npmjs.org/minimatch
300 silly registry.get cb [ 200,
300 silly registry.get   { date: 'Wed, 04 Feb 2015 13:43:56 GMT',
300 silly registry.get     server: 'CouchDB/1.5.0 (Erlang OTP/R16B03)',
300 silly registry.get     etag: '"76CEA6G0HX9V73V554BU0343K"',
300 silly registry.get     'content-type': 'application/json',
300 silly registry.get     'cache-control': 'max-age=60',
300 silly registry.get     'content-length': '34765',
300 silly registry.get     'accept-ranges': 'bytes',
300 silly registry.get     via: '1.1 varnish',
300 silly registry.get     age: '35',
300 silly registry.get     'x-served-by': 'cache-fra1221-FRA',
300 silly registry.get     'x-cache': 'HIT',
300 silly registry.get     'x-cache-hits': '3',
300 silly registry.get     'x-timer': 'S1423057436.300747,VS0,VE0',
300 silly registry.get     vary: 'Accept',
300 silly registry.get     'keep-alive': 'timeout=10, max=49',
300 silly registry.get     connection: 'Keep-Alive' } ]
301 http 200 https://registry.npmjs.org/once
302 silly registry.get cb [ 200,
302 silly registry.get   { date: 'Wed, 04 Feb 2015 13:43:56 GMT',
302 silly registry.get     server: 'CouchDB/1.5.0 (Erlang OTP/R16B03)',
302 silly registry.get     etag: '"DJOB9Y1TGFII9171OKETILB4V"',
302 silly registry.get     'content-type': 'application/json',
302 silly registry.get     'cache-control': 'max-age=60',
302 silly registry.get     'content-length': '5350',
302 silly registry.get     'accept-ranges': 'bytes',
302 silly registry.get     via: '1.1 varnish',
302 silly registry.get     age: '3',
302 silly registry.get     'x-served-by': 'cache-fra1226-FRA',
302 silly registry.get     'x-cache': 'HIT',
302 silly registry.get     'x-cache-hits': '1',
302 silly registry.get     'x-timer': 'S1423057436.344105,VS0,VE0',
302 silly registry.get     vary: 'Accept',
302 silly registry.get     'keep-alive': 'timeout=10, max=50',
302 silly registry.get     connection: 'Keep-Alive' } ]
303 http 200 https://registry.npmjs.org/inflight
304 silly registry.get cb [ 200,
304 silly registry.get   { date: 'Wed, 04 Feb 2015 13:43:56 GMT',
304 silly registry.get     server: 'CouchDB/1.5.0 (Erlang OTP/R16B03)',
304 silly registry.get     etag: '"6WBZ9INHG4SI8KPMLVP4SX3YL"',
304 silly registry.get     'content-type': 'application/json',
304 silly registry.get     'cache-control': 'max-age=60',
304 silly registry.get     'content-length': '7017',
304 silly registry.get     'accept-ranges': 'bytes',
304 silly registry.get     via: '1.1 varnish',
304 silly registry.get     age: '32',
304 silly registry.get     'x-served-by': 'cache-fra1245-FRA',
304 silly registry.get     'x-cache': 'HIT',
304 silly registry.get     'x-cache-hits': '481',
304 silly registry.get     'x-timer': 'S1423057436.345407,VS0,VE0',
304 silly registry.get     vary: 'Accept',
304 silly registry.get     'keep-alive': 'timeout=10, max=50',
304 silly registry.get     connection: 'Keep-Alive' } ]
305 http 200 https://registry.npmjs.org/inherits
306 silly registry.get cb [ 200,
306 silly registry.get   { date: 'Wed, 04 Feb 2015 13:43:56 GMT',
306 silly registry.get     server: 'CouchDB/1.5.0 (Erlang OTP/R16B03)',
306 silly registry.get     etag: '"7QS52SZ574G3U90LKG7KHWVM3"',
306 silly registry.get     'content-type': 'application/json',
306 silly registry.get     'cache-control': 'max-age=60',
306 silly registry.get     'content-length': '6943',
306 silly registry.get     'accept-ranges': 'bytes',
306 silly registry.get     via: '1.1 varnish',
306 silly registry.get     age: '9',
306 silly registry.get     'x-served-by': 'cache-fra1233-FRA',
306 silly registry.get     'x-cache': 'HIT',
306 silly registry.get     'x-cache-hits': '3',
306 silly registry.get     'x-timer': 'S1423057436.351742,VS0,VE0',
306 silly registry.get     vary: 'Accept',
306 silly registry.get     'keep-alive': 'timeout=10, max=50',
306 silly registry.get     connection: 'Keep-Alive' } ]
307 verbose request where is /brace-expansion
308 verbose request registry https://registry.npmjs.org/
309 verbose url raw /brace-expansion
310 verbose url resolving [ 'https://registry.npmjs.org/', './brace-expansion' ]
311 verbose url resolved https://registry.npmjs.org/brace-expansion
312 verbose request where is https://registry.npmjs.org/brace-expansion
313 info trying registry request attempt 1 at 14:43:57
314 verbose etag "U6AICUJINS49KNRISKO8E59Y"
315 http GET https://registry.npmjs.org/brace-expansion
316 verbose registry.get https://registry.npmjs.org/once not expired, no request
317 verbose request where is /wrappy
318 verbose request registry https://registry.npmjs.org/
319 verbose url raw /wrappy
320 verbose url resolving [ 'https://registry.npmjs.org/', './wrappy' ]
321 verbose url resolved https://registry.npmjs.org/wrappy
322 verbose request where is https://registry.npmjs.org/wrappy
323 info trying registry request attempt 1 at 14:43:57
324 verbose etag "8UXWGD55YSKSR02J885VBVC28"
325 http GET https://registry.npmjs.org/wrappy
326 verbose request where is /wrappy
327 verbose request registry https://registry.npmjs.org/
328 verbose url raw /wrappy
329 verbose url resolving [ 'https://registry.npmjs.org/', './wrappy' ]
330 verbose url resolved https://registry.npmjs.org/wrappy
331 verbose request where is https://registry.npmjs.org/wrappy
332 info trying registry request attempt 1 at 14:43:57
333 verbose etag "8UXWGD55YSKSR02J885VBVC28"
334 http GET https://registry.npmjs.org/wrappy
335 http 200 https://registry.npmjs.org/brace-expansion
336 silly registry.get cb [ 200,
336 silly registry.get   { date: 'Wed, 04 Feb 2015 13:43:56 GMT',
336 silly registry.get     server: 'CouchDB/1.5.0 (Erlang OTP/R16B03)',
336 silly registry.get     etag: '"5T83WYVAC625P5HPWQR1HFUKA"',
336 silly registry.get     'content-type': 'application/json',
336 silly registry.get     'cache-control': 'max-age=60',
336 silly registry.get     'content-length': '10240',
336 silly registry.get     'accept-ranges': 'bytes',
336 silly registry.get     via: '1.1 varnish',
336 silly registry.get     age: '34',
336 silly registry.get     'x-served-by': 'cache-fra1222-FRA',
336 silly registry.get     'x-cache': 'HIT',
336 silly registry.get     'x-cache-hits': '2',
336 silly registry.get     'x-timer': 'S1423057436.494493,VS0,VE0',
336 silly registry.get     vary: 'Accept',
336 silly registry.get     'keep-alive': 'timeout=10, max=50',
336 silly registry.get     connection: 'Keep-Alive' } ]
337 http 200 https://registry.npmjs.org/unidecode
338 silly registry.get cb [ 200,
338 silly registry.get   { date: 'Wed, 04 Feb 2015 13:43:56 GMT',
338 silly registry.get     server: 'CouchDB/1.5.0 (Erlang OTP/R16B03)',
338 silly registry.get     etag: '"1WVOTBR0AWFSD8WSBUKTZ0XXS"',
338 silly registry.get     'content-type': 'application/json',
338 silly registry.get     'cache-control': 'max-age=60',
338 silly registry.get     'content-length': '6245',
338 silly registry.get     'accept-ranges': 'bytes',
338 silly registry.get     via: '1.1 varnish',
338 silly registry.get     age: '0',
338 silly registry.get     'x-served-by': 'cache-fra1236-FRA',
338 silly registry.get     'x-cache': 'HIT',
338 silly registry.get     'x-cache-hits': '1',
338 silly registry.get     'x-timer': 'S1423057435.723182,VS0,VE772',
338 silly registry.get     vary: 'Accept',
338 silly registry.get     'keep-alive': 'timeout=10, max=50',
338 silly registry.get     connection: 'Keep-Alive' } ]
339 http 200 https://registry.npmjs.org/wrappy
340 silly registry.get cb [ 200,
340 silly registry.get   { date: 'Wed, 04 Feb 2015 13:43:56 GMT',
340 silly registry.get     server: 'CouchDB/1.5.0 (Erlang OTP/R16B03)',
340 silly registry.get     etag: '"6SHFG0HA4JGG49JKSW6BP3DUW"',
340 silly registry.get     'content-type': 'application/json',
340 silly registry.get     'cache-control': 'max-age=60',
340 silly registry.get     'content-length': '3362',
340 silly registry.get     'accept-ranges': 'bytes',
340 silly registry.get     via: '1.1 varnish',
340 silly registry.get     age: '59',
340 silly registry.get     'x-served-by': 'cache-fra1230-FRA',
340 silly registry.get     'x-cache': 'HIT',
340 silly registry.get     'x-cache-hits': '4',
340 silly registry.get     'x-timer': 'S1423057436.507700,VS0,VE0',
340 silly registry.get     vary: 'Accept',
340 silly registry.get     'keep-alive': 'timeout=10, max=50',
340 silly registry.get     connection: 'Keep-Alive' } ]
341 http 200 https://registry.npmjs.org/wrappy
342 silly registry.get cb [ 200,
342 silly registry.get   { date: 'Wed, 04 Feb 2015 13:43:56 GMT',
342 silly registry.get     server: 'CouchDB/1.5.0 (Erlang OTP/R16B03)',
342 silly registry.get     etag: '"6SHFG0HA4JGG49JKSW6BP3DUW"',
342 silly registry.get     'content-type': 'application/json',
342 silly registry.get     'cache-control': 'max-age=60',
342 silly registry.get     'content-length': '3362',
342 silly registry.get     'accept-ranges': 'bytes',
342 silly registry.get     via: '1.1 varnish',
342 silly registry.get     age: '59',
342 silly registry.get     'x-served-by': 'cache-fra1239-FRA',
342 silly registry.get     'x-cache': 'HIT',
342 silly registry.get     'x-cache-hits': '2',
342 silly registry.get     'x-timer': 'S1423057436.509776,VS0,VE0',
342 silly registry.get     vary: 'Accept',
342 silly registry.get     'keep-alive': 'timeout=10, max=50',
342 silly registry.get     connection: 'Keep-Alive' } ]
343 verbose request where is /balanced-match
344 verbose request registry https://registry.npmjs.org/
345 verbose url raw /balanced-match
346 verbose url resolving [ 'https://registry.npmjs.org/', './balanced-match' ]
347 verbose url resolved https://registry.npmjs.org/balanced-match
348 verbose request where is https://registry.npmjs.org/balanced-match
349 info trying registry request attempt 1 at 14:43:57
350 verbose etag "F3SJ87AV0FLUS5NF0PV8ZF5VI"
351 http GET https://registry.npmjs.org/balanced-match
352 verbose request where is /concat-map
353 verbose request registry https://registry.npmjs.org/
354 verbose url raw /concat-map
355 verbose url resolving [ 'https://registry.npmjs.org/', './concat-map' ]
356 verbose url resolved https://registry.npmjs.org/concat-map
357 verbose request where is https://registry.npmjs.org/concat-map
358 info trying registry request attempt 1 at 14:43:57
359 verbose etag "7I8L2YK0ZLP8OW9O36MRZFHON"
360 http GET https://registry.npmjs.org/concat-map
361 http 200 https://registry.npmjs.org/balanced-match
362 silly registry.get cb [ 200,
362 silly registry.get   { date: 'Wed, 04 Feb 2015 13:43:56 GMT',
362 silly registry.get     server: 'CouchDB/1.5.0 (Erlang OTP/R16B03)',
362 silly registry.get     etag: '"BWKMYNTP5YMJ1KEK5WB9OLBD4"',
362 silly registry.get     'content-type': 'application/json',
362 silly registry.get     'cache-control': 'max-age=60',
362 silly registry.get     'content-length': '8851',
362 silly registry.get     'accept-ranges': 'bytes',
362 silly registry.get     via: '1.1 varnish',
362 silly registry.get     age: '11',
362 silly registry.get     'x-served-by': 'cache-fra1247-FRA',
362 silly registry.get     'x-cache': 'HIT',
362 silly registry.get     'x-cache-hits': '2',
362 silly registry.get     'x-timer': 'S1423057436.664192,VS0,VE0',
362 silly registry.get     vary: 'Accept',
362 silly registry.get     'keep-alive': 'timeout=10, max=50',
362 silly registry.get     connection: 'Keep-Alive' } ]
363 http 200 https://registry.npmjs.org/concat-map
364 silly registry.get cb [ 200,
364 silly registry.get   { date: 'Wed, 04 Feb 2015 13:43:56 GMT',
364 silly registry.get     server: 'CouchDB/1.5.0 (Erlang OTP/R16B03)',
364 silly registry.get     etag: '"9YKRVTFWAH5U7A4MB46SF7HUE"',
364 silly registry.get     'content-type': 'application/json',
364 silly registry.get     'cache-control': 'max-age=60',
364 silly registry.get     'content-length': '4071',
364 silly registry.get     'accept-ranges': 'bytes',
364 silly registry.get     via: '1.1 varnish',
364 silly registry.get     age: '60',
364 silly registry.get     'x-served-by': 'cache-fra1230-FRA',
364 silly registry.get     'x-cache': 'HIT',
364 silly registry.get     'x-cache-hits': '1',
364 silly registry.get     'x-timer': 'S1423057436.674993,VS0,VE0',
364 silly registry.get     vary: 'Accept',
364 silly registry.get     'keep-alive': 'timeout=10, max=50',
364 silly registry.get     connection: 'Keep-Alive' } ]
365 info outdated updating [ [ '/home/theo/Git/betisier',
365 info outdated     'express-session',
365 info outdated     '1.9.3',
365 info outdated     '1.9.3',
365 info outdated     '1.10.2',
365 info outdated     '~1.9' ],
365 info outdated   [ '/home/theo/Git/betisier',
365 info outdated     'express',
365 info outdated     '4.10.8',
365 info outdated     '4.10.8',
365 info outdated     '4.11.2',
365 info outdated     '~4.10' ],
365 info outdated   [ '/home/theo/Git/betisier',
365 info outdated     'body-parser',
365 info outdated     '1.10.2',
365 info outdated     '1.10.2',
365 info outdated     '1.11.0',
365 info outdated     '~1.10' ],
365 info outdated   [ '/home/theo/Git/betisier/node_modules/mysql',
365 info outdated     'bignumber.js',
365 info outdated     '1.4.1',
365 info outdated     '1.4.1',
365 info outdated     '2.0.0',
365 info outdated     '1.4.1' ],
365 info outdated   [ '/home/theo/Git/betisier/node_modules/mysql',
365 info outdated     'readable-stream',
365 info outdated     '1.1.13',
365 info outdated     '1.1.13',
365 info outdated     '1.0.33',
365 info outdated     '~1.1.13' ],
365 info outdated   [ '/home/theo/Git/betisier/node_modules/mysql',
365 info outdated     'require-all',
365 info outdated     '0.0.8',
365 info outdated     '0.0.8',
365 info outdated     '1.0.0',
365 info outdated     '0.0.8' ],
365 info outdated   [ '/home/theo/Git/betisier/node_modules/cookie-parser',
365 info outdated     'cookie-signature',
365 info outdated     '1.0.5',
365 info outdated     '1.0.5',
365 info outdated     '1.0.6',
365 info outdated     '1.0.5' ],
365 info outdated   [ '/home/theo/Git/betisier/node_modules/express-handlebars',
365 info outdated     'semver',
365 info outdated     '3.0.1',
365 info outdated     '3.0.1',
365 info outdated     '4.2.0',
365 info outdated     '^3.0.1' ],
365 info outdated   [ '/home/theo/Git/betisier/node_modules/express-handlebars/node_modules/handlebars',
365 info outdated     'optimist',
365 info outdated     '0.3.7',
365 info outdated     '0.3.7',
365 info outdated     '0.6.1',
365 info outdated     '~0.3' ],
365 info outdated   [ '/home/theo/Git/betisier/node_modules/express-handlebars/node_modules/handlebars',
365 info outdated     'uglify-js',
365 info outdated     '2.3.6',
365 info outdated     '2.3.6',
365 info outdated     '2.4.16',
365 info outdated     '~2.3' ],
365 info outdated   [ '/home/theo/Git/betisier/node_modules/express-handlebars/node_modules/promise',
365 info outdated     'asap',
365 info outdated     '1.0.0',
365 info outdated     '1.0.0',
365 info outdated     '2.0.0',
365 info outdated     '~1.0.0' ] ]
366 verbose install where,what [ '/home/theo/Git/betisier', [ 'express-session@1.9.3' ] ]
367 verbose install where,what [ '/home/theo/Git/betisier', [ 'express@4.10.8' ] ]
368 verbose install where,what [ '/home/theo/Git/betisier', [ 'body-parser@1.10.2' ] ]
369 verbose install where,what [ '/home/theo/Git/betisier/node_modules/mysql',
369 verbose install   [ 'bignumber.js@1.4.1' ] ]
370 verbose install where,what [ '/home/theo/Git/betisier/node_modules/mysql',
370 verbose install   [ 'readable-stream@1.1.13' ] ]
371 verbose install where,what [ '/home/theo/Git/betisier/node_modules/mysql',
371 verbose install   [ 'require-all@0.0.8' ] ]
372 verbose install where,what [ '/home/theo/Git/betisier/node_modules/cookie-parser',
372 verbose install   [ 'cookie-signature@1.0.5' ] ]
373 verbose install where,what [ '/home/theo/Git/betisier/node_modules/express-handlebars',
373 verbose install   [ 'semver@3.0.1' ] ]
374 verbose install where,what [ '/home/theo/Git/betisier/node_modules/express-handlebars/node_modules/handlebars',
374 verbose install   [ 'optimist@0.3.7' ] ]
375 verbose install where,what [ '/home/theo/Git/betisier/node_modules/express-handlebars/node_modules/handlebars',
375 verbose install   [ 'uglify-js@2.3.6' ] ]
376 verbose install where,what [ '/home/theo/Git/betisier/node_modules/express-handlebars/node_modules/promise',
376 verbose install   [ 'asap@1.0.0' ] ]
377 verbose readDependencies using package.json deps
378 verbose cache add [ 'express-session@1.9.3', null ]
379 verbose cache add name=undefined spec="express-session@1.9.3" args=["express-session@1.9.3",null]
380 verbose parsed url { protocol: null,
380 verbose parsed url   slashes: null,
380 verbose parsed url   auth: null,
380 verbose parsed url   host: null,
380 verbose parsed url   port: null,
380 verbose parsed url   hostname: null,
380 verbose parsed url   hash: null,
380 verbose parsed url   search: null,
380 verbose parsed url   query: null,
380 verbose parsed url   pathname: 'express-session@1.9.3',
380 verbose parsed url   path: 'express-session@1.9.3',
380 verbose parsed url   href: 'express-session@1.9.3' }
381 verbose readDependencies using package.json deps
382 verbose cache add [ 'express@4.10.8', null ]
383 verbose cache add name=undefined spec="express@4.10.8" args=["express@4.10.8",null]
384 verbose parsed url { protocol: null,
384 verbose parsed url   slashes: null,
384 verbose parsed url   auth: null,
384 verbose parsed url   host: null,
384 verbose parsed url   port: null,
384 verbose parsed url   hostname: null,
384 verbose parsed url   hash: null,
384 verbose parsed url   search: null,
384 verbose parsed url   query: null,
384 verbose parsed url   pathname: 'express@4.10.8',
384 verbose parsed url   path: 'express@4.10.8',
384 verbose parsed url   href: 'express@4.10.8' }
385 verbose readDependencies using package.json deps
386 verbose cache add [ 'body-parser@1.10.2', null ]
387 verbose cache add name=undefined spec="body-parser@1.10.2" args=["body-parser@1.10.2",null]
388 verbose parsed url { protocol: null,
388 verbose parsed url   slashes: null,
388 verbose parsed url   auth: null,
388 verbose parsed url   host: null,
388 verbose parsed url   port: null,
388 verbose parsed url   hostname: null,
388 verbose parsed url   hash: null,
388 verbose parsed url   search: null,
388 verbose parsed url   query: null,
388 verbose parsed url   pathname: 'body-parser@1.10.2',
388 verbose parsed url   path: 'body-parser@1.10.2',
388 verbose parsed url   href: 'body-parser@1.10.2' }
389 verbose readDependencies using package.json deps
390 verbose cache add [ 'bignumber.js@1.4.1', null ]
391 verbose cache add name=undefined spec="bignumber.js@1.4.1" args=["bignumber.js@1.4.1",null]
392 verbose parsed url { protocol: null,
392 verbose parsed url   slashes: null,
392 verbose parsed url   auth: null,
392 verbose parsed url   host: null,
392 verbose parsed url   port: null,
392 verbose parsed url   hostname: null,
392 verbose parsed url   hash: null,
392 verbose parsed url   search: null,
392 verbose parsed url   query: null,
392 verbose parsed url   pathname: 'bignumber.js@1.4.1',
392 verbose parsed url   path: 'bignumber.js@1.4.1',
392 verbose parsed url   href: 'bignumber.js@1.4.1' }
393 verbose readDependencies using package.json deps
394 verbose cache add [ 'readable-stream@1.1.13', null ]
395 verbose cache add name=undefined spec="readable-stream@1.1.13" args=["readable-stream@1.1.13",null]
396 verbose parsed url { protocol: null,
396 verbose parsed url   slashes: null,
396 verbose parsed url   auth: null,
396 verbose parsed url   host: null,
396 verbose parsed url   port: null,
396 verbose parsed url   hostname: null,
396 verbose parsed url   hash: null,
396 verbose parsed url   search: null,
396 verbose parsed url   query: null,
396 verbose parsed url   pathname: 'readable-stream@1.1.13',
396 verbose parsed url   path: 'readable-stream@1.1.13',
396 verbose parsed url   href: 'readable-stream@1.1.13' }
397 verbose readDependencies using package.json deps
398 verbose cache add [ 'require-all@0.0.8', null ]
399 verbose cache add name=undefined spec="require-all@0.0.8" args=["require-all@0.0.8",null]
400 verbose parsed url { protocol: null,
400 verbose parsed url   slashes: null,
400 verbose parsed url   auth: null,
400 verbose parsed url   host: null,
400 verbose parsed url   port: null,
400 verbose parsed url   hostname: null,
400 verbose parsed url   hash: null,
400 verbose parsed url   search: null,
400 verbose parsed url   query: null,
400 verbose parsed url   pathname: 'require-all@0.0.8',
400 verbose parsed url   path: 'require-all@0.0.8',
400 verbose parsed url   href: 'require-all@0.0.8' }
401 verbose readDependencies using package.json deps
402 verbose cache add [ 'cookie-signature@1.0.5', null ]
403 verbose cache add name=undefined spec="cookie-signature@1.0.5" args=["cookie-signature@1.0.5",null]
404 verbose parsed url { protocol: null,
404 verbose parsed url   slashes: null,
404 verbose parsed url   auth: null,
404 verbose parsed url   host: null,
404 verbose parsed url   port: null,
404 verbose parsed url   hostname: null,
404 verbose parsed url   hash: null,
404 verbose parsed url   search: null,
404 verbose parsed url   query: null,
404 verbose parsed url   pathname: 'cookie-signature@1.0.5',
404 verbose parsed url   path: 'cookie-signature@1.0.5',
404 verbose parsed url   href: 'cookie-signature@1.0.5' }
405 verbose readDependencies using package.json deps
406 verbose cache add [ 'semver@3.0.1', null ]
407 verbose cache add name=undefined spec="semver@3.0.1" args=["semver@3.0.1",null]
408 verbose parsed url { protocol: null,
408 verbose parsed url   slashes: null,
408 verbose parsed url   auth: null,
408 verbose parsed url   host: null,
408 verbose parsed url   port: null,
408 verbose parsed url   hostname: null,
408 verbose parsed url   hash: null,
408 verbose parsed url   search: null,
408 verbose parsed url   query: null,
408 verbose parsed url   pathname: 'semver@3.0.1',
408 verbose parsed url   path: 'semver@3.0.1',
408 verbose parsed url   href: 'semver@3.0.1' }
409 verbose readDependencies using package.json deps
410 verbose cache add [ 'optimist@0.3.7', null ]
411 verbose cache add name=undefined spec="optimist@0.3.7" args=["optimist@0.3.7",null]
412 verbose parsed url { protocol: null,
412 verbose parsed url   slashes: null,
412 verbose parsed url   auth: null,
412 verbose parsed url   host: null,
412 verbose parsed url   port: null,
412 verbose parsed url   hostname: null,
412 verbose parsed url   hash: null,
412 verbose parsed url   search: null,
412 verbose parsed url   query: null,
412 verbose parsed url   pathname: 'optimist@0.3.7',
412 verbose parsed url   path: 'optimist@0.3.7',
412 verbose parsed url   href: 'optimist@0.3.7' }
413 verbose readDependencies using package.json deps
414 verbose cache add [ 'uglify-js@2.3.6', null ]
415 verbose cache add name=undefined spec="uglify-js@2.3.6" args=["uglify-js@2.3.6",null]
416 verbose parsed url { protocol: null,
416 verbose parsed url   slashes: null,
416 verbose parsed url   auth: null,
416 verbose parsed url   host: null,
416 verbose parsed url   port: null,
416 verbose parsed url   hostname: null,
416 verbose parsed url   hash: null,
416 verbose parsed url   search: null,
416 verbose parsed url   query: null,
416 verbose parsed url   pathname: 'uglify-js@2.3.6',
416 verbose parsed url   path: 'uglify-js@2.3.6',
416 verbose parsed url   href: 'uglify-js@2.3.6' }
417 verbose readDependencies using package.json deps
418 verbose cache add [ 'asap@1.0.0', null ]
419 verbose cache add name=undefined spec="asap@1.0.0" args=["asap@1.0.0",null]
420 verbose parsed url { protocol: null,
420 verbose parsed url   slashes: null,
420 verbose parsed url   auth: null,
420 verbose parsed url   host: null,
420 verbose parsed url   port: null,
420 verbose parsed url   hostname: null,
420 verbose parsed url   hash: null,
420 verbose parsed url   search: null,
420 verbose parsed url   query: null,
420 verbose parsed url   pathname: 'asap@1.0.0',
420 verbose parsed url   path: 'asap@1.0.0',
420 verbose parsed url   href: 'asap@1.0.0' }
421 verbose cache add name="express-session" spec="1.9.3" args=["express-session","1.9.3"]
422 verbose parsed url { protocol: null,
422 verbose parsed url   slashes: null,
422 verbose parsed url   auth: null,
422 verbose parsed url   host: null,
422 verbose parsed url   port: null,
422 verbose parsed url   hostname: null,
422 verbose parsed url   hash: null,
422 verbose parsed url   search: null,
422 verbose parsed url   query: null,
422 verbose parsed url   pathname: '1.9.3',
422 verbose parsed url   path: '1.9.3',
422 verbose parsed url   href: '1.9.3' }
423 verbose addNamed [ 'express-session', '1.9.3' ]
424 verbose addNamed [ '1.9.3', '1.9.3' ]
425 verbose cache add name="express" spec="4.10.8" args=["express","4.10.8"]
426 verbose parsed url { protocol: null,
426 verbose parsed url   slashes: null,
426 verbose parsed url   auth: null,
426 verbose parsed url   host: null,
426 verbose parsed url   port: null,
426 verbose parsed url   hostname: null,
426 verbose parsed url   hash: null,
426 verbose parsed url   search: null,
426 verbose parsed url   query: null,
426 verbose parsed url   pathname: '4.10.8',
426 verbose parsed url   path: '4.10.8',
426 verbose parsed url   href: '4.10.8' }
427 verbose addNamed [ 'express', '4.10.8' ]
428 verbose addNamed [ '4.10.8', '4.10.8' ]
429 verbose cache add name="body-parser" spec="1.10.2" args=["body-parser","1.10.2"]
430 verbose parsed url { protocol: null,
430 verbose parsed url   slashes: null,
430 verbose parsed url   auth: null,
430 verbose parsed url   host: null,
430 verbose parsed url   port: null,
430 verbose parsed url   hostname: null,
430 verbose parsed url   hash: null,
430 verbose parsed url   search: null,
430 verbose parsed url   query: null,
430 verbose parsed url   pathname: '1.10.2',
430 verbose parsed url   path: '1.10.2',
430 verbose parsed url   href: '1.10.2' }
431 verbose addNamed [ 'body-parser', '1.10.2' ]
432 verbose addNamed [ '1.10.2', '1.10.2' ]
433 verbose cache add name="bignumber.js" spec="1.4.1" args=["bignumber.js","1.4.1"]
434 verbose parsed url { protocol: null,
434 verbose parsed url   slashes: null,
434 verbose parsed url   auth: null,
434 verbose parsed url   host: null,
434 verbose parsed url   port: null,
434 verbose parsed url   hostname: null,
434 verbose parsed url   hash: null,
434 verbose parsed url   search: null,
434 verbose parsed url   query: null,
434 verbose parsed url   pathname: '1.4.1',
434 verbose parsed url   path: '1.4.1',
434 verbose parsed url   href: '1.4.1' }
435 verbose addNamed [ 'bignumber.js', '1.4.1' ]
436 verbose addNamed [ '1.4.1', '1.4.1' ]
437 verbose cache add name="readable-stream" spec="1.1.13" args=["readable-stream","1.1.13"]
438 verbose parsed url { protocol: null,
438 verbose parsed url   slashes: null,
438 verbose parsed url   auth: null,
438 verbose parsed url   host: null,
438 verbose parsed url   port: null,
438 verbose parsed url   hostname: null,
438 verbose parsed url   hash: null,
438 verbose parsed url   search: null,
438 verbose parsed url   query: null,
438 verbose parsed url   pathname: '1.1.13',
438 verbose parsed url   path: '1.1.13',
438 verbose parsed url   href: '1.1.13' }
439 verbose addNamed [ 'readable-stream', '1.1.13' ]
440 verbose addNamed [ '1.1.13', '1.1.13' ]
441 verbose cache add name="require-all" spec="0.0.8" args=["require-all","0.0.8"]
442 verbose parsed url { protocol: null,
442 verbose parsed url   slashes: null,
442 verbose parsed url   auth: null,
442 verbose parsed url   host: null,
442 verbose parsed url   port: null,
442 verbose parsed url   hostname: null,
442 verbose parsed url   hash: null,
442 verbose parsed url   search: null,
442 verbose parsed url   query: null,
442 verbose parsed url   pathname: '0.0.8',
442 verbose parsed url   path: '0.0.8',
442 verbose parsed url   href: '0.0.8' }
443 verbose addNamed [ 'require-all', '0.0.8' ]
444 verbose addNamed [ '0.0.8', '0.0.8' ]
445 verbose cache add name="cookie-signature" spec="1.0.5" args=["cookie-signature","1.0.5"]
446 verbose parsed url { protocol: null,
446 verbose parsed url   slashes: null,
446 verbose parsed url   auth: null,
446 verbose parsed url   host: null,
446 verbose parsed url   port: null,
446 verbose parsed url   hostname: null,
446 verbose parsed url   hash: null,
446 verbose parsed url   search: null,
446 verbose parsed url   query: null,
446 verbose parsed url   pathname: '1.0.5',
446 verbose parsed url   path: '1.0.5',
446 verbose parsed url   href: '1.0.5' }
447 verbose addNamed [ 'cookie-signature', '1.0.5' ]
448 verbose addNamed [ '1.0.5', '1.0.5' ]
449 verbose cache add name="semver" spec="3.0.1" args=["semver","3.0.1"]
450 verbose parsed url { protocol: null,
450 verbose parsed url   slashes: null,
450 verbose parsed url   auth: null,
450 verbose parsed url   host: null,
450 verbose parsed url   port: null,
450 verbose parsed url   hostname: null,
450 verbose parsed url   hash: null,
450 verbose parsed url   search: null,
450 verbose parsed url   query: null,
450 verbose parsed url   pathname: '3.0.1',
450 verbose parsed url   path: '3.0.1',
450 verbose parsed url   href: '3.0.1' }
451 verbose addNamed [ 'semver', '3.0.1' ]
452 verbose addNamed [ '3.0.1', '3.0.1' ]
453 verbose cache add name="optimist" spec="0.3.7" args=["optimist","0.3.7"]
454 verbose parsed url { protocol: null,
454 verbose parsed url   slashes: null,
454 verbose parsed url   auth: null,
454 verbose parsed url   host: null,
454 verbose parsed url   port: null,
454 verbose parsed url   hostname: null,
454 verbose parsed url   hash: null,
454 verbose parsed url   search: null,
454 verbose parsed url   query: null,
454 verbose parsed url   pathname: '0.3.7',
454 verbose parsed url   path: '0.3.7',
454 verbose parsed url   href: '0.3.7' }
455 verbose addNamed [ 'optimist', '0.3.7' ]
456 verbose addNamed [ '0.3.7', '0.3.7' ]
457 verbose cache add name="uglify-js" spec="2.3.6" args=["uglify-js","2.3.6"]
458 verbose parsed url { protocol: null,
458 verbose parsed url   slashes: null,
458 verbose parsed url   auth: null,
458 verbose parsed url   host: null,
458 verbose parsed url   port: null,
458 verbose parsed url   hostname: null,
458 verbose parsed url   hash: null,
458 verbose parsed url   search: null,
458 verbose parsed url   query: null,
458 verbose parsed url   pathname: '2.3.6',
458 verbose parsed url   path: '2.3.6',
458 verbose parsed url   href: '2.3.6' }
459 verbose addNamed [ 'uglify-js', '2.3.6' ]
460 verbose addNamed [ '2.3.6', '2.3.6' ]
461 verbose cache add name="asap" spec="1.0.0" args=["asap","1.0.0"]
462 verbose parsed url { protocol: null,
462 verbose parsed url   slashes: null,
462 verbose parsed url   auth: null,
462 verbose parsed url   host: null,
462 verbose parsed url   port: null,
462 verbose parsed url   hostname: null,
462 verbose parsed url   hash: null,
462 verbose parsed url   search: null,
462 verbose parsed url   query: null,
462 verbose parsed url   pathname: '1.0.0',
462 verbose parsed url   path: '1.0.0',
462 verbose parsed url   href: '1.0.0' }
463 verbose addNamed [ 'asap', '1.0.0' ]
464 verbose addNamed [ '1.0.0', '1.0.0' ]
465 silly lockFile b367e894-express-session-1-9-3 express-session@1.9.3
466 verbose lock express-session@1.9.3 /root/.npm/b367e894-express-session-1-9-3.lock
467 silly lockFile 44558bf5-express-4-10-8 express@4.10.8
468 verbose lock express@4.10.8 /root/.npm/44558bf5-express-4-10-8.lock
469 silly lockFile 6255e82a-body-parser-1-10-2 body-parser@1.10.2
470 verbose lock body-parser@1.10.2 /root/.npm/6255e82a-body-parser-1-10-2.lock
471 silly lockFile 95676b71-bignumber-js-1-4-1 bignumber.js@1.4.1
472 verbose lock bignumber.js@1.4.1 /root/.npm/95676b71-bignumber-js-1-4-1.lock
473 silly lockFile c06c4d25-readable-stream-1-1-13 readable-stream@1.1.13
474 verbose lock readable-stream@1.1.13 /root/.npm/c06c4d25-readable-stream-1-1-13.lock
475 silly lockFile b50f27c2-require-all-0-0-8 require-all@0.0.8
476 verbose lock require-all@0.0.8 /root/.npm/b50f27c2-require-all-0-0-8.lock
477 silly lockFile b564bb98-cookie-signature-1-0-5 cookie-signature@1.0.5
478 verbose lock cookie-signature@1.0.5 /root/.npm/b564bb98-cookie-signature-1-0-5.lock
479 silly lockFile b55423e7-semver-3-0-1 semver@3.0.1
480 verbose lock semver@3.0.1 /root/.npm/b55423e7-semver-3-0-1.lock
481 silly lockFile 090e1d8d-optimist-0-3-7 optimist@0.3.7
482 verbose lock optimist@0.3.7 /root/.npm/090e1d8d-optimist-0-3-7.lock
483 silly lockFile a40be02f-uglify-js-2-3-6 uglify-js@2.3.6
484 verbose lock uglify-js@2.3.6 /root/.npm/a40be02f-uglify-js-2-3-6.lock
485 silly lockFile 76b9034e-asap-1-0-0 asap@1.0.0
486 verbose lock asap@1.0.0 /root/.npm/76b9034e-asap-1-0-0.lock
487 verbose registry.get https://registry.npmjs.org/express-session not expired, no request
488 verbose registry.get https://registry.npmjs.org/body-parser not expired, no request
489 verbose registry.get https://registry.npmjs.org/bignumber.js not expired, no request
490 verbose registry.get https://registry.npmjs.org/express not expired, no request
491 verbose registry.get https://registry.npmjs.org/readable-stream not expired, no request
492 verbose registry.get https://registry.npmjs.org/require-all not expired, no request
493 verbose registry.get https://registry.npmjs.org/cookie-signature not expired, no request
494 verbose registry.get https://registry.npmjs.org/optimist not expired, no request
495 verbose registry.get https://registry.npmjs.org/semver not expired, no request
496 silly lockFile 112fba45-ession-express-session-1-9-3-tgz https://registry.npmjs.org/express-session/-/express-session-1.9.3.tgz
497 verbose lock https://registry.npmjs.org/express-session/-/express-session-1.9.3.tgz /root/.npm/112fba45-ession-express-session-1-9-3-tgz.lock
498 silly lockFile 76df2ab8-dy-parser-body-parser-1-10-2-tgz https://registry.npmjs.org/body-parser/-/body-parser-1.10.2.tgz
499 verbose lock https://registry.npmjs.org/body-parser/-/body-parser-1.10.2.tgz /root/.npm/76df2ab8-dy-parser-body-parser-1-10-2-tgz.lock
500 verbose registry.get https://registry.npmjs.org/asap not expired, no request
501 silly lockFile 109692e6-number-js-bignumber-js-1-4-1-tgz https://registry.npmjs.org/bignumber.js/-/bignumber.js-1.4.1.tgz
502 verbose lock https://registry.npmjs.org/bignumber.js/-/bignumber.js-1.4.1.tgz /root/.npm/109692e6-number-js-bignumber-js-1-4-1-tgz.lock
503 verbose registry.get https://registry.npmjs.org/uglify-js not expired, no request
504 silly lockFile 95f2bc2f-s-org-express-express-4-10-8-tgz https://registry.npmjs.org/express/-/express-4.10.8.tgz
505 verbose lock https://registry.npmjs.org/express/-/express-4.10.8.tgz /root/.npm/95f2bc2f-s-org-express-express-4-10-8-tgz.lock
506 silly lockFile eb8e7234-tream-readable-stream-1-1-13-tgz https://registry.npmjs.org/readable-stream/-/readable-stream-1.1.13.tgz
507 verbose lock https://registry.npmjs.org/readable-stream/-/readable-stream-1.1.13.tgz /root/.npm/eb8e7234-tream-readable-stream-1-1-13-tgz.lock
508 silly lockFile a1dc193a-equire-all-require-all-0-0-8-tgz https://registry.npmjs.org/require-all/-/require-all-0.0.8.tgz
509 verbose lock https://registry.npmjs.org/require-all/-/require-all-0.0.8.tgz /root/.npm/a1dc193a-equire-all-require-all-0-0-8-tgz.lock
510 verbose addRemoteTarball [ 'https://registry.npmjs.org/express-session/-/express-session-1.9.3.tgz',
510 verbose addRemoteTarball   '7d2fc387af6fd928775213bfe9d635a5705a84ce' ]
511 verbose addRemoteTarball [ 'https://registry.npmjs.org/body-parser/-/body-parser-1.10.2.tgz',
511 verbose addRemoteTarball   '405d465fcd3ccf0ea8a35adbf1055f6e98316bd1' ]
512 verbose addRemoteTarball [ 'https://registry.npmjs.org/bignumber.js/-/bignumber.js-1.4.1.tgz',
512 verbose addRemoteTarball   '3d19ac321f8db4ba07aace23ebd4ac976fae6bfa' ]
513 verbose addRemoteTarball [ 'https://registry.npmjs.org/express/-/express-4.10.8.tgz',
513 verbose addRemoteTarball   '2d83571e065c0efb2679c0a5f9ae66aeaa47024a' ]
514 verbose addRemoteTarball [ 'https://registry.npmjs.org/readable-stream/-/readable-stream-1.1.13.tgz',
514 verbose addRemoteTarball   'f6eef764f514c89e2b9e23146a75ba106756d23e' ]
515 verbose addRemoteTarball [ 'https://registry.npmjs.org/require-all/-/require-all-0.0.8.tgz',
515 verbose addRemoteTarball   'a7d4307d90e422fcb9f04af018c149920074e4b3' ]
516 silly lockFile b564bb98-cookie-signature-1-0-5 cookie-signature@1.0.5
517 silly lockFile b564bb98-cookie-signature-1-0-5 cookie-signature@1.0.5
518 silly lockFile 090e1d8d-optimist-0-3-7 optimist@0.3.7
519 silly lockFile 090e1d8d-optimist-0-3-7 optimist@0.3.7
520 silly lockFile 76b9034e-asap-1-0-0 asap@1.0.0
521 silly lockFile 76b9034e-asap-1-0-0 asap@1.0.0
522 silly lockFile a40be02f-uglify-js-2-3-6 uglify-js@2.3.6
523 silly lockFile a40be02f-uglify-js-2-3-6 uglify-js@2.3.6
524 info retry fetch attempt 1 at 14:43:57
525 verbose fetch to= /tmp/npm-16391-6L6MFHee/registry.npmjs.org/express-session/-/express-session-1.9.3.tgz
526 silly lockFile b55423e7-semver-3-0-1 semver@3.0.1
527 silly lockFile b55423e7-semver-3-0-1 semver@3.0.1
528 info retry fetch attempt 1 at 14:43:57
529 verbose fetch to= /tmp/npm-16391-6L6MFHee/registry.npmjs.org/body-parser/-/body-parser-1.10.2.tgz
530 http GET https://registry.npmjs.org/express-session/-/express-session-1.9.3.tgz
531 info retry fetch attempt 1 at 14:43:57
532 verbose fetch to= /tmp/npm-16391-6L6MFHee/registry.npmjs.org/bignumber.js/-/bignumber.js-1.4.1.tgz
533 info retry fetch attempt 1 at 14:43:57
534 verbose fetch to= /tmp/npm-16391-6L6MFHee/registry.npmjs.org/express/-/express-4.10.8.tgz
535 info retry fetch attempt 1 at 14:43:57
536 verbose fetch to= /tmp/npm-16391-6L6MFHee/registry.npmjs.org/readable-stream/-/readable-stream-1.1.13.tgz
537 info retry fetch attempt 1 at 14:43:57
538 verbose fetch to= /tmp/npm-16391-6L6MFHee/registry.npmjs.org/require-all/-/require-all-0.0.8.tgz
539 http GET https://registry.npmjs.org/body-parser/-/body-parser-1.10.2.tgz
540 http GET https://registry.npmjs.org/bignumber.js/-/bignumber.js-1.4.1.tgz
541 http GET https://registry.npmjs.org/express/-/express-4.10.8.tgz
542 http GET https://registry.npmjs.org/readable-stream/-/readable-stream-1.1.13.tgz
543 http GET https://registry.npmjs.org/require-all/-/require-all-0.0.8.tgz
544 silly resolved [ { name: 'cookie-signature',
544 silly resolved     version: '1.0.5',
544 silly resolved     description: 'Sign and unsign cookies',
544 silly resolved     keywords: [ 'cookie', 'sign', 'unsign' ],
544 silly resolved     author: { name: 'TJ Holowaychuk', email: 'tj@learnboost.com' },
544 silly resolved     license: 'MIT',
544 silly resolved     repository:
544 silly resolved      { type: 'git',
544 silly resolved        url: 'https://github.com/visionmedia/node-cookie-signature.git' },
544 silly resolved     dependencies: {},
544 silly resolved     devDependencies: { mocha: '*', should: '*' },
544 silly resolved     main: 'index',
544 silly resolved     gitHead: '73ed69b511b3ef47555d71b4ed1deea9e5ed6e1f',
544 silly resolved     bugs: { url: 'https://github.com/visionmedia/node-cookie-signature/issues' },
544 silly resolved     homepage: 'https://github.com/visionmedia/node-cookie-signature',
544 silly resolved     _id: 'cookie-signature@1.0.5',
544 silly resolved     scripts: {},
544 silly resolved     _shasum: 'a122e3f1503eca0f5355795b0711bb2368d450f9',
544 silly resolved     _from: 'cookie-signature@1.0.5',
544 silly resolved     _npmVersion: '1.4.20',
544 silly resolved     _npmUser: { name: 'natevw', email: 'natevw@yahoo.com' },
544 silly resolved     maintainers: [ [Object], [Object] ],
544 silly resolved     dist:
544 silly resolved      { shasum: 'a122e3f1503eca0f5355795b0711bb2368d450f9',
544 silly resolved        tarball: 'http://registry.npmjs.org/cookie-signature/-/cookie-signature-1.0.5.tgz' },
544 silly resolved     directories: {},
544 silly resolved     _resolved: 'https://registry.npmjs.org/cookie-signature/-/cookie-signature-1.0.5.tgz',
544 silly resolved     readme: 'ERROR: No README data found!' } ]
545 info install cookie-signature@1.0.5 into /home/theo/Git/betisier/node_modules/cookie-parser
546 info installOne cookie-signature@1.0.5
547 silly resolved [ { name: 'optimist',
547 silly resolved     version: '0.3.7',
547 silly resolved     description: 'Light-weight option parsing with an argv hash. No optstrings attached.',
547 silly resolved     main: './index.js',
547 silly resolved     dependencies: { wordwrap: '~0.0.2' },
547 silly resolved     devDependencies: { hashish: '~0.0.4', tap: '~0.4.0' },
547 silly resolved     scripts: { test: 'tap ./test/*.js' },
547 silly resolved     repository:
547 silly resolved      { type: 'git',
547 silly resolved        url: 'http://github.com/substack/node-optimist.git' },
547 silly resolved     keywords:
547 silly resolved      [ 'argument',
547 silly resolved        'args',
547 silly resolved        'option',
547 silly resolved        'parser',
547 silly resolved        'parsing',
547 silly resolved        'cli',
547 silly resolved        'command' ],
547 silly resolved     author:
547 silly resolved      { name: 'James Halliday',
547 silly resolved        email: 'mail@substack.net',
547 silly resolved        url: 'http://substack.net' },
547 silly resolved     license: 'MIT/X11',
547 silly resolved     engine: { node: '>=0.4' },
547 silly resolved     _id: 'optimist@0.3.7',
547 silly resolved     dist:
547 silly resolved      { shasum: 'c90941ad59e4273328923074d2cf2e7cbc6ec0d9',
547 silly resolved        tarball: 'http://registry.npmjs.org/optimist/-/optimist-0.3.7.tgz' },
547 silly resolved     _from: 'optimist@0.3.7',
547 silly resolved     _npmVersion: '1.2.2',
547 silly resolved     _npmUser: { name: 'substack', email: 'mail@substack.net' },
547 silly resolved     maintainers: [ [Object] ],
547 silly resolved     directories: {},
547 silly resolved     _shasum: 'c90941ad59e4273328923074d2cf2e7cbc6ec0d9',
547 silly resolved     _resolved: 'https://registry.npmjs.org/optimist/-/optimist-0.3.7.tgz',
547 silly resolved     bugs: { url: 'https://github.com/substack/node-optimist/issues' },
547 silly resolved     readme: 'ERROR: No README data found!' } ]
548 info install optimist@0.3.7 into /home/theo/Git/betisier/node_modules/express-handlebars/node_modules/handlebars
549 info installOne optimist@0.3.7
550 silly resolved [ { name: 'asap',
550 silly resolved     version: '1.0.0',
550 silly resolved     description: 'High-priority task queue for Node.js and browsers',
550 silly resolved     keywords: [ 'event', 'task', 'queue' ],
550 silly resolved     licenses: [ [Object] ],
550 silly resolved     main: 'asap',
550 silly resolved     _id: 'asap@1.0.0',
550 silly resolved     dist:
550 silly resolved      { shasum: 'b2a45da5fdfa20b0496fc3768cc27c12fa916a7d',
550 silly resolved        tarball: 'http://registry.npmjs.org/asap/-/asap-1.0.0.tgz' },
550 silly resolved     _from: 'asap@1.0.0',
550 silly resolved     _npmVersion: '1.2.15',
550 silly resolved     _npmUser: { name: 'kriskowal', email: 'kris.kowal@cixar.com' },
550 silly resolved     maintainers: [ [Object] ],
550 silly resolved     directories: {},
550 silly resolved     _shasum: 'b2a45da5fdfa20b0496fc3768cc27c12fa916a7d',
550 silly resolved     _resolved: 'https://registry.npmjs.org/asap/-/asap-1.0.0.tgz',
550 silly resolved     readme: 'ERROR: No README data found!' } ]
551 info install asap@1.0.0 into /home/theo/Git/betisier/node_modules/express-handlebars/node_modules/promise
552 info installOne asap@1.0.0
553 silly resolved [ { name: 'uglify-js',
553 silly resolved     description: 'JavaScript parser, mangler/compressor and beautifier toolkit',
553 silly resolved     homepage: 'http://lisperator.net/uglifyjs',
553 silly resolved     main: 'tools/node.js',
553 silly resolved     version: '2.3.6',
553 silly resolved     engines: { node: '>=0.4.0' },
553 silly resolved     maintainers: [ [Object], [Object], [Object] ],
553 silly resolved     repository: { type: 'git', url: 'https://github.com/mishoo/UglifyJS2.git' },
553 silly resolved     dependencies: { async: '~0.2.6', 'source-map': '~0.1.7', optimist: '~0.3.5' },
553 silly resolved     bin: { uglifyjs: 'bin/uglifyjs' },
553 silly resolved     scripts: { test: 'node test/run-tests.js' },
553 silly resolved     _id: 'uglify-js@2.3.6',
553 silly resolved     dist:
553 silly resolved      { shasum: 'fa0984770b428b7a9b2a8058f46355d14fef211a',
553 silly resolved        tarball: 'http://registry.npmjs.org/uglify-js/-/uglify-js-2.3.6.tgz' },
553 silly resolved     _from: 'uglify-js@2.3.6',
553 silly resolved     _npmVersion: '1.2.18',
553 silly resolved     _npmUser: { name: 'mishoo', email: 'mihai.bazon@gmail.com' },
553 silly resolved     directories: {},
553 silly resolved     _shasum: 'fa0984770b428b7a9b2a8058f46355d14fef211a',
553 silly resolved     _resolved: 'https://registry.npmjs.org/uglify-js/-/uglify-js-2.3.6.tgz',
553 silly resolved     bugs: { url: 'https://github.com/mishoo/UglifyJS2/issues' },
553 silly resolved     readme: 'ERROR: No README data found!' } ]
554 info install uglify-js@2.3.6 into /home/theo/Git/betisier/node_modules/express-handlebars/node_modules/handlebars
555 info installOne uglify-js@2.3.6
556 verbose node_modules/cookie-parser/node_modules/cookie-signature unbuild
557 info preuninstall cookie-signature@1.0.5
558 verbose node_modules/express-handlebars/node_modules/handlebars/node_modules/optimist unbuild
559 info preuninstall optimist@0.3.7
560 verbose node_modules/express-handlebars/node_modules/promise/node_modules/asap unbuild
561 info preuninstall asap@1.0.0
562 verbose node_modules/express-handlebars/node_modules/handlebars/node_modules/uglify-js unbuild
563 info preuninstall uglify-js@2.3.6
564 info uninstall cookie-signature@1.0.5
565 info uninstall optimist@0.3.7
566 info uninstall asap@1.0.0
567 info uninstall uglify-js@2.3.6
568 silly resolved [ { name: 'semver',
568 silly resolved     version: '3.0.1',
568 silly resolved     description: 'The semantic version parser used by npm.',
568 silly resolved     main: 'semver.js',
568 silly resolved     browser: 'semver.browser.js',
568 silly resolved     min: 'semver.min.js',
568 silly resolved     scripts: { test: 'tap test/*.js', prepublish: 'make' },
568 silly resolved     devDependencies: { tap: '0.x >=0.0.4', 'uglify-js': '~2.3.6' },
568 silly resolved     license: 'BSD',
568 silly resolved     repository: { type: 'git', url: 'git://github.com/isaacs/node-semver.git' },
568 silly resolved     bin: { semver: './bin/semver' },
568 silly resolved     gitHead: '4b24aeb54dd23560f53b0df01e64e5f229e6172f',
568 silly resolved     bugs: { url: 'https://github.com/isaacs/node-semver/issues' },
568 silly resolved     homepage: 'https://github.com/isaacs/node-semver',
568 silly resolved     _id: 'semver@3.0.1',
568 silly resolved     _shasum: '720ac012515a252f91fb0dd2e99a56a70d6cf078',
568 silly resolved     _from: 'semver@3.0.1',
568 silly resolved     _npmVersion: '2.0.0-alpha-5',
568 silly resolved     _npmUser: { name: 'isaacs', email: 'i@izs.me' },
568 silly resolved     maintainers: [ [Object] ],
568 silly resolved     dist:
568 silly resolved      { shasum: '720ac012515a252f91fb0dd2e99a56a70d6cf078',
568 silly resolved        tarball: 'http://registry.npmjs.org/semver/-/semver-3.0.1.tgz' },
568 silly resolved     directories: {},
568 silly resolved     _resolved: 'https://registry.npmjs.org/semver/-/semver-3.0.1.tgz',
568 silly resolved     readme: 'ERROR: No README data found!' } ]
569 info install semver@3.0.1 into /home/theo/Git/betisier/node_modules/express-handlebars
570 info installOne semver@3.0.1
571 verbose false,/home/theo/Git/betisier/node_modules,/home/theo/Git/betisier/node_modules/cookie-parser/node_modules unbuild cookie-signature@1.0.5
572 info postuninstall cookie-signature@1.0.5
573 verbose false,/home/theo/Git/betisier/node_modules,/home/theo/Git/betisier/node_modules/express-handlebars/node_modules/handlebars/node_modules unbuild optimist@0.3.7
574 info postuninstall optimist@0.3.7
575 verbose false,/home/theo/Git/betisier/node_modules,/home/theo/Git/betisier/node_modules/express-handlebars/node_modules/promise/node_modules unbuild asap@1.0.0
576 info postuninstall asap@1.0.0
577 verbose false,/home/theo/Git/betisier/node_modules,/home/theo/Git/betisier/node_modules/express-handlebars/node_modules/handlebars/node_modules unbuild uglify-js@2.3.6
578 verbose /home/theo/Git/betisier/node_modules/express-handlebars/node_modules/handlebars/node_modules/.bin,[object Object] binRoot
579 verbose node_modules/express-handlebars/node_modules/semver unbuild
580 info preuninstall semver@3.0.1
581 verbose node_modules/express-handlebars/node_modules/handlebars/node_modules/uglify-js unbuild
582 info uninstall semver@3.0.1
583 verbose false,/home/theo/Git/betisier/node_modules,/home/theo/Git/betisier/node_modules/express-handlebars/node_modules unbuild semver@3.0.1
584 verbose /home/theo/Git/betisier/node_modules/express-handlebars/node_modules/.bin,[object Object] binRoot
585 verbose node_modules/express-handlebars/node_modules/semver unbuild
586 info preuninstall uglify-js@2.3.6
587 verbose tar unpack /root/.npm/cookie-signature/1.0.5/package.tgz
588 silly lockFile eb2056c2-er-node-modules-cookie-signature tar:///home/theo/Git/betisier/node_modules/cookie-parser/node_modules/cookie-signature
589 verbose lock tar:///home/theo/Git/betisier/node_modules/cookie-parser/node_modules/cookie-signature /root/.npm/eb2056c2-er-node-modules-cookie-signature.lock
590 silly lockFile 8f5ebd60-okie-signature-1-0-5-package-tgz tar:///root/.npm/cookie-signature/1.0.5/package.tgz
591 verbose lock tar:///root/.npm/cookie-signature/1.0.5/package.tgz /root/.npm/8f5ebd60-okie-signature-1-0-5-package-tgz.lock
592 verbose tar unpack /root/.npm/asap/1.0.0/package.tgz
593 silly lockFile 0d1f925e-odules-promise-node-modules-asap tar:///home/theo/Git/betisier/node_modules/express-handlebars/node_modules/promise/node_modules/asap
594 verbose lock tar:///home/theo/Git/betisier/node_modules/express-handlebars/node_modules/promise/node_modules/asap /root/.npm/0d1f925e-odules-promise-node-modules-asap.lock
595 silly lockFile fa203ce2--root-npm-asap-1-0-0-package-tgz tar:///root/.npm/asap/1.0.0/package.tgz
596 verbose lock tar:///root/.npm/asap/1.0.0/package.tgz /root/.npm/fa203ce2--root-npm-asap-1-0-0-package-tgz.lock
597 info uninstall uglify-js@2.3.6
598 silly gunzTarPerm modes [ '755', '644' ]
599 verbose false,/home/theo/Git/betisier/node_modules,/home/theo/Git/betisier/node_modules/express-handlebars/node_modules/handlebars/node_modules unbuild uglify-js@2.3.6
600 verbose /home/theo/Git/betisier/node_modules/express-handlebars/node_modules/handlebars/node_modules/.bin,[object Object] binRoot
601 info preuninstall semver@3.0.1
602 silly gunzTarPerm modes [ '755', '644' ]
603 info postuninstall uglify-js@2.3.6
604 info uninstall semver@3.0.1
605 verbose false,/home/theo/Git/betisier/node_modules,/home/theo/Git/betisier/node_modules/express-handlebars/node_modules unbuild semver@3.0.1
606 verbose /home/theo/Git/betisier/node_modules/express-handlebars/node_modules/.bin,[object Object] binRoot
607 silly gunzTarPerm extractEntry package.json
608 info postuninstall semver@3.0.1
609 silly gunzTarPerm extractEntry package.json
610 verbose tar unpack /root/.npm/optimist/0.3.7/package.tgz
611 silly lockFile 9817ce28-handlebars-node-modules-optimist tar:///home/theo/Git/betisier/node_modules/express-handlebars/node_modules/handlebars/node_modules/optimist
612 verbose lock tar:///home/theo/Git/betisier/node_modules/express-handlebars/node_modules/handlebars/node_modules/optimist /root/.npm/9817ce28-handlebars-node-modules-optimist.lock
613 silly lockFile febcb21b-t-npm-optimist-0-3-7-package-tgz tar:///root/.npm/optimist/0.3.7/package.tgz
614 verbose lock tar:///root/.npm/optimist/0.3.7/package.tgz /root/.npm/febcb21b-t-npm-optimist-0-3-7-package-tgz.lock
615 silly gunzTarPerm extractEntry .npmignore
616 silly gunzTarPerm extractEntry index.js
617 silly gunzTarPerm extractEntry README.md
618 silly gunzTarPerm extractEntry asap.js
619 silly gunzTarPerm modes [ '755', '644' ]
620 error Refusing to delete: /home/theo/Git/betisier/node_modules/express-handlebars/node_modules/.bin/semver not in /home/theo/Git/betisier/node_modules/express-handlebars/node_modules/semver
File exists: /home/theo/Git/betisier/node_modules/express-handlebars/node_modules/.bin/semver
Move it away, and try again.
621 error System Linux 3.16.0-4-amd64
622 error command "/usr/bin/nodejs" "/usr/bin/npm" "update"
623 error cwd /home/theo/Git/betisier
624 error node -v v0.10.29
625 error npm -v 1.4.21
626 error path /home/theo/Git/betisier/node_modules/express-handlebars/node_modules/.bin/semver
627 error code EEXIST
628 verbose exit [ 1, true ]
